Build started 27/05/2015 11:23:51 AM.
     1>Project "D:\GitHub1\ProiectOOP\ComputerParts\ComputerParts\ComputerParts.vcxproj" on node 2 (build target(s)).
     1>InitializeBuildStatus:
         Touching "Debug\ComputerParts.unsuccessfulbuild".
       ClCompile:
         C:\Program Files\Microsoft Visual Studio 10.0\VC\bin\CL.exe /c /ZI /nologo /W3 /WX- /Od /Oy- /D WIN32 /D _DEBUG /D _CONSOLE /D _UNICODE /D UNICODE /Gm /EHsc /RTC1 /MDd /GS /fp:precise /Zc:wchar_t /Zc:forScope /Fo"Debug\\" /Fd"Debug\vc100.pdb" /Gd /TP /analyze- /errorReport:prompt ComputerPart.cpp Display.cpp ExternalHDD.cpp HasButtons.cpp HasMemory.cpp HDD.cpp Keyboard.cpp Mouse.cpp
         Mouse.cpp
         Keyboard.cpp
         HDD.cpp
         HasMemory.cpp
         HasButtons.cpp
         ExternalHDD.cpp
         Display.cpp
         ComputerPart.cpp
         Generating Code...
       ManifestResourceCompile:
         C:\Program Files\Microsoft SDKs\Windows\v7.0A\bin\rc.exe /nologo /fo"Debug\ComputerParts.exe.embed.manifest.res" Debug\ComputerParts_manifest.rc 
       Link:
         C:\Program Files\Microsoft Visual Studio 10.0\VC\bin\link.exe /ERRORREPORT:PROMPT /OUT:"D:\GitHub1\ProiectOOP\ComputerParts\Debug\ComputerParts.exe" /INCREMENTAL /NOLOGO kernel32.lib user32.lib gdi32.lib winspool.lib comdlg32.lib advapi32.lib shell32.lib ole32.lib oleaut32.lib uuid.lib odbc32.lib odbccp32.lib /MANIFEST /ManifestFile:"Debug\ComputerParts.exe.intermediate.manifest" /MANIFESTUAC:"level='asInvoker' uiAccess='false'" /DEBUG /PDB:"D:\GitHub1\ProiectOOP\ComputerParts\Debug\ComputerParts.pdb" /SUBSYSTEM:CONSOLE /TLBID:1 /DYNAMICBASE /NXCOMPAT /IMPLIB:"D:\GitHub1\ProiectOOP\ComputerParts\Debug\ComputerParts.lib" /MACHINE:X86 Debug\ComputerParts.exe.embed.manifest.res
         Debug\ComputerPart.obj
         Debug\Display.obj
         Debug\ExternalHDD.obj
         Debug\HasButtons.obj
         Debug\HasMemory.obj
         Debug\HDD.obj
         Debug\Keyboard.obj
         Debug\Mouse.obj
     1>LINK : fatal error LNK1123: failure during conversion to COFF: file invalid or corrupt
     1>Done Building Project "D:\GitHub1\ProiectOOP\ComputerParts\ComputerParts\ComputerParts.vcxproj" (build target(s)) -- FAILED.

Build FAILED.

Time Elapsed 00:00:04.27
